2019-07-31 16:42:18,158 - Log4JLogChute initialized using file 'velocity.log'
2019-07-31 16:42:18,159 - Initializing Velocity, Calling init()...
2019-07-31 16:42:18,160 - Starting Apache Velocity v1.7 (compiled: 2010-11-19 12:14:37)
2019-07-31 16:42:18,160 - Default Properties File: org\apache\velocity\runtime\defaults\velocity.properties
2019-07-31 16:42:18,160 - Trying to use logger class org.apache.velocity.runtime.log.AvalonLogChute
2019-07-31 16:42:18,160 - Target log system for org.apache.velocity.runtime.log.AvalonLogChute is not available (java.lang.NoClassDefFoundError: org/apache/log/Priority).  Falling back to next log system...
2019-07-31 16:42:18,160 - Trying to use logger class org.apache.velocity.runtime.log.Log4JLogChute
2019-07-31 16:42:18,160 - Using logger class org.apache.velocity.runtime.log.Log4JLogChute
2019-07-31 16:42:18,174 - ResourceLoader instantiated: org.apache.velocity.runtime.resource.loader.ClasspathResourceLoader
2019-07-31 16:42:18,222 - ResourceCache: initialized (class org.apache.velocity.runtime.resource.ResourceCacheImpl) with class java.util.Collections$SynchronizedMap cache map.
2019-07-31 16:42:18,231 - Loaded System Directive: org.apache.velocity.runtime.directive.Stop
2019-07-31 16:42:18,236 - Loaded System Directive: org.apache.velocity.runtime.directive.Define
2019-07-31 16:42:18,240 - Loaded System Directive: org.apache.velocity.runtime.directive.Break
2019-07-31 16:42:18,244 - Loaded System Directive: org.apache.velocity.runtime.directive.Evaluate
2019-07-31 16:42:18,247 - Loaded System Directive: org.apache.velocity.runtime.directive.Literal
2019-07-31 16:42:18,251 - Loaded System Directive: org.apache.velocity.runtime.directive.Macro
2019-07-31 16:42:18,256 - Loaded System Directive: org.apache.velocity.runtime.directive.Parse
2019-07-31 16:42:18,260 - Loaded System Directive: org.apache.velocity.runtime.directive.Include
2019-07-31 16:42:18,263 - Loaded System Directive: org.apache.velocity.runtime.directive.Foreach
2019-07-31 16:42:18,314 - Created '20' parsers.
2019-07-31 16:42:18,327 - Velocimacro : "velocimacro.library" is not set.  Trying default library: VM_global_library.vm
2019-07-31 16:42:18,340 - Could not load resource 'VM_global_library.vm' from ResourceLoader org.apache.velocity.runtime.resource.loader.ClasspathResourceLoader: ClasspathResourceLoader Error: cannot find resource VM_global_library.vm
2019-07-31 16:42:18,340 - Velocimacro : Default library not found.
2019-07-31 16:42:18,340 - Velocimacro : allowInline = true : VMs can be defined inline in templates
2019-07-31 16:42:18,340 - Velocimacro : allowInlineToOverride = false : VMs defined inline may NOT replace previous VM definitions
2019-07-31 16:42:18,340 - Velocimacro : allowInlineLocal = false : VMs defined inline will be global in scope if allowed.
2019-07-31 16:42:18,340 - Velocimacro : autoload off : VM system will not automatically reload global library macros
2019-07-31 16:42:18,416 - ResourceManager : found vm/java/domain.java.vm with loader org.apache.velocity.runtime.resource.loader.ClasspathResourceLoader
2019-07-31 16:42:18,463 - ResourceManager : found vm/java/Mapper.java.vm with loader org.apache.velocity.runtime.resource.loader.ClasspathResourceLoader
2019-07-31 16:42:18,466 - ResourceManager : found vm/java/Service.java.vm with loader org.apache.velocity.runtime.resource.loader.ClasspathResourceLoader
2019-07-31 16:42:18,472 - ResourceManager : found vm/java/ServiceImpl.java.vm with loader org.apache.velocity.runtime.resource.loader.ClasspathResourceLoader
2019-07-31 16:42:18,488 - ResourceManager : found vm/java/Controller.java.vm with loader org.apache.velocity.runtime.resource.loader.ClasspathResourceLoader
2019-07-31 16:42:18,496 - ResourceManager : found vm/xml/Mapper.xml.vm with loader org.apache.velocity.runtime.resource.loader.ClasspathResourceLoader
2019-07-31 16:42:18,513 - ResourceManager : found vm/html/list.html.vm with loader org.apache.velocity.runtime.resource.loader.ClasspathResourceLoader
2019-07-31 16:42:18,532 - ResourceManager : found vm/html/add.html.vm with loader org.apache.velocity.runtime.resource.loader.ClasspathResourceLoader
2019-07-31 16:42:18,539 - ResourceManager : found vm/html/edit.html.vm with loader org.apache.velocity.runtime.resource.loader.ClasspathResourceLoader
2019-07-31 16:42:18,547 - ResourceManager : found vm/sql/sql.vm with loader org.apache.velocity.runtime.resource.loader.ClasspathResourceLoader
2019-07-31 16:47:41,026 - ResourceManager : found vm/java/domain.java.vm with loader org.apache.velocity.runtime.resource.loader.ClasspathResourceLoader
2019-07-31 16:47:41,037 - ResourceManager : found vm/java/Mapper.java.vm with loader org.apache.velocity.runtime.resource.loader.ClasspathResourceLoader
2019-07-31 16:47:41,042 - ResourceManager : found vm/java/Service.java.vm with loader org.apache.velocity.runtime.resource.loader.ClasspathResourceLoader
2019-07-31 16:47:41,068 - ResourceManager : found vm/java/ServiceImpl.java.vm with loader org.apache.velocity.runtime.resource.loader.ClasspathResourceLoader
2019-07-31 16:47:41,109 - ResourceManager : found vm/java/Controller.java.vm with loader org.apache.velocity.runtime.resource.loader.ClasspathResourceLoader
2019-07-31 16:47:41,117 - ResourceManager : found vm/xml/Mapper.xml.vm with loader org.apache.velocity.runtime.resource.loader.ClasspathResourceLoader
2019-07-31 16:47:41,172 - ResourceManager : found vm/html/list.html.vm with loader org.apache.velocity.runtime.resource.loader.ClasspathResourceLoader
2019-07-31 16:47:41,279 - ResourceManager : found vm/html/add.html.vm with loader org.apache.velocity.runtime.resource.loader.ClasspathResourceLoader
2019-07-31 16:47:41,320 - ResourceManager : found vm/html/edit.html.vm with loader org.apache.velocity.runtime.resource.loader.ClasspathResourceLoader
2019-07-31 16:47:41,345 - ResourceManager : found vm/sql/sql.vm with loader org.apache.velocity.runtime.resource.loader.ClasspathResourceLoader
2019-07-31 16:57:36,787 - Log4JLogChute initialized using file 'velocity.log'
2019-07-31 16:57:36,788 - Initializing Velocity, Calling init()...
2019-07-31 16:57:36,788 - Starting Apache Velocity v1.7 (compiled: 2010-11-19 12:14:37)
2019-07-31 16:57:36,788 - Default Properties File: org\apache\velocity\runtime\defaults\velocity.properties
2019-07-31 16:57:36,788 - Trying to use logger class org.apache.velocity.runtime.log.AvalonLogChute
2019-07-31 16:57:36,788 - Target log system for org.apache.velocity.runtime.log.AvalonLogChute is not available (java.lang.NoClassDefFoundError: org/apache/log/Priority).  Falling back to next log system...
2019-07-31 16:57:36,788 - Trying to use logger class org.apache.velocity.runtime.log.Log4JLogChute
2019-07-31 16:57:36,788 - Using logger class org.apache.velocity.runtime.log.Log4JLogChute
2019-07-31 16:57:36,798 - ResourceLoader instantiated: org.apache.velocity.runtime.resource.loader.ClasspathResourceLoader
2019-07-31 16:57:36,824 - ResourceCache: initialized (class org.apache.velocity.runtime.resource.ResourceCacheImpl) with class java.util.Collections$SynchronizedMap cache map.
2019-07-31 16:57:36,837 - Loaded System Directive: org.apache.velocity.runtime.directive.Stop
2019-07-31 16:57:36,840 - Loaded System Directive: org.apache.velocity.runtime.directive.Define
2019-07-31 16:57:36,843 - Loaded System Directive: org.apache.velocity.runtime.directive.Break
2019-07-31 16:57:36,845 - Loaded System Directive: org.apache.velocity.runtime.directive.Evaluate
2019-07-31 16:57:36,847 - Loaded System Directive: org.apache.velocity.runtime.directive.Literal
2019-07-31 16:57:36,849 - Loaded System Directive: org.apache.velocity.runtime.directive.Macro
2019-07-31 16:57:36,852 - Loaded System Directive: org.apache.velocity.runtime.directive.Parse
2019-07-31 16:57:36,855 - Loaded System Directive: org.apache.velocity.runtime.directive.Include
2019-07-31 16:57:36,858 - Loaded System Directive: org.apache.velocity.runtime.directive.Foreach
2019-07-31 16:57:36,890 - Created '20' parsers.
2019-07-31 16:57:36,895 - Velocimacro : "velocimacro.library" is not set.  Trying default library: VM_global_library.vm
2019-07-31 16:57:36,903 - Could not load resource 'VM_global_library.vm' from ResourceLoader org.apache.velocity.runtime.resource.loader.ClasspathResourceLoader: ClasspathResourceLoader Error: cannot find resource VM_global_library.vm
2019-07-31 16:57:36,903 - Velocimacro : Default library not found.
2019-07-31 16:57:36,903 - Velocimacro : allowInline = true : VMs can be defined inline in templates
2019-07-31 16:57:36,903 - Velocimacro : allowInlineToOverride = false : VMs defined inline may NOT replace previous VM definitions
2019-07-31 16:57:36,903 - Velocimacro : allowInlineLocal = false : VMs defined inline will be global in scope if allowed.
2019-07-31 16:57:36,903 - Velocimacro : autoload off : VM system will not automatically reload global library macros
2019-07-31 16:57:36,970 - ResourceManager : found vm/java/domain.java.vm with loader org.apache.velocity.runtime.resource.loader.ClasspathResourceLoader
2019-07-31 16:57:37,016 - ResourceManager : found vm/java/Mapper.java.vm with loader org.apache.velocity.runtime.resource.loader.ClasspathResourceLoader
2019-07-31 16:57:37,019 - ResourceManager : found vm/java/Service.java.vm with loader org.apache.velocity.runtime.resource.loader.ClasspathResourceLoader
2019-07-31 16:57:37,025 - ResourceManager : found vm/java/ServiceImpl.java.vm with loader org.apache.velocity.runtime.resource.loader.ClasspathResourceLoader
2019-07-31 16:57:37,037 - ResourceManager : found vm/java/Controller.java.vm with loader org.apache.velocity.runtime.resource.loader.ClasspathResourceLoader
2019-07-31 16:57:37,046 - ResourceManager : found vm/xml/Mapper.xml.vm with loader org.apache.velocity.runtime.resource.loader.ClasspathResourceLoader
2019-07-31 16:57:37,064 - ResourceManager : found vm/html/list.html.vm with loader org.apache.velocity.runtime.resource.loader.ClasspathResourceLoader
2019-07-31 16:57:37,079 - ResourceManager : found vm/html/add.html.vm with loader org.apache.velocity.runtime.resource.loader.ClasspathResourceLoader
2019-07-31 16:57:37,088 - ResourceManager : found vm/html/edit.html.vm with loader org.apache.velocity.runtime.resource.loader.ClasspathResourceLoader
2019-07-31 16:57:37,093 - ResourceManager : found vm/sql/sql.vm with loader org.apache.velocity.runtime.resource.loader.ClasspathResourceLoader
